[INFO ] 2023-09-18 06:31:35.543 [main] Context - Reserving NodePort: 32007
[INFO ] 2023-09-18 06:31:35.882 [main] SequenceFSM - STATE-CHANGE: START -> INITIALIZE
[INFO ] 2023-09-18 06:31:36.337 [OkHttp https://10.233.0.1/...] K8sClient - Namespace (reactive) ADDED
[INFO ] 2023-09-18 06:31:36.339 [main] ClientsManager - Helm deploy: { redis-cluster: { repo : https://charts.bitnami.com/bitnami },{ values : kubernetes/redis-cluster/values.yaml },{ version : 7.6.4 } }
[INFO ] 2023-09-18 06:31:39.618 [pool-4-thread-1] Helm - NAME: redis-cluster
[INFO ] 2023-09-18 06:31:39.619 [pool-4-thread-1] Helm - LAST DEPLOYED: Mon Sep 18 06:31:39 2023
[INFO ] 2023-09-18 06:31:39.619 [pool-4-thread-1] Helm - NAMESPACE: reactive
[INFO ] 2023-09-18 06:31:39.619 [pool-4-thread-1] Helm - STATUS: deployed
[INFO ] 2023-09-18 06:31:39.620 [pool-4-thread-1] Helm - REVISION: 1
[INFO ] 2023-09-18 06:31:39.620 [pool-4-thread-1] Helm - TEST SUITE: None
[INFO ] 2023-09-18 06:31:39.620 [pool-4-thread-1] Helm - NOTES:
[INFO ] 2023-09-18 06:31:39.621 [pool-4-thread-1] Helm - CHART NAME: redis-cluster
[INFO ] 2023-09-18 06:31:39.621 [pool-4-thread-1] Helm - CHART VERSION: 7.6.4
[INFO ] 2023-09-18 06:31:39.621 [pool-4-thread-1] Helm - APP VERSION: 6.2.7** Please be patient while the chart is being deployed **
[INFO ] 2023-09-18 06:31:39.622 [pool-4-thread-1] Helm - 
[INFO ] 2023-09-18 06:31:39.622 [pool-4-thread-1] Helm - 
[INFO ] 2023-09-18 06:31:39.622 [pool-4-thread-1] Helm - 
[INFO ] 2023-09-18 06:31:39.623 [pool-4-thread-1] Helm - You have deployed a Redis&reg; Cluster accessible only from within you Kubernetes Cluster.INFO: The Job to create the cluster will be created.To connect to your Redis&reg; cluster:
[INFO ] 2023-09-18 06:31:39.623 [pool-4-thread-1] Helm - 
[INFO ] 2023-09-18 06:31:39.623 [pool-4-thread-1] Helm - 1. Run a Redis&reg; pod that you can use as a client:
[INFO ] 2023-09-18 06:31:39.623 [pool-4-thread-1] Helm - kubectl run --namespace reactive redis-cluster-client --rm --tty -i --restart='Never' \
[INFO ] 2023-09-18 06:31:39.624 [pool-4-thread-1] Helm - 
[INFO ] 2023-09-18 06:31:39.624 [pool-4-thread-1] Helm - --image docker.io/bitnami/redis-cluster:6.2.7-debian-11-r9 -- bash
[INFO ] 2023-09-18 06:31:39.624 [pool-4-thread-1] Helm - 
[INFO ] 2023-09-18 06:31:39.625 [pool-4-thread-1] Helm - 2. Connect using the Redis&reg; CLI:
[INFO ] 2023-09-18 06:31:39.625 [pool-4-thread-1] Helm - 
[INFO ] 2023-09-18 06:31:39.625 [pool-4-thread-1] Helm - redis-cli -c -h redis-cluster
[INFO ] 2023-09-18 06:31:39.634 [main] ClientsManager - Helm deploy: { kafka: { repo : https://charts.bitnami.com/bitnami },{ values : kubernetes/kafka/values.yaml },{ version : 22.1.3 } }
[INFO ] 2023-09-18 06:31:42.687 [pool-5-thread-1] Helm - NAME: kafka
[INFO ] 2023-09-18 06:31:42.688 [pool-5-thread-1] Helm - LAST DEPLOYED: Mon Sep 18 06:31:42 2023
[INFO ] 2023-09-18 06:31:42.688 [pool-5-thread-1] Helm - NAMESPACE: reactive
[INFO ] 2023-09-18 06:31:42.688 [pool-5-thread-1] Helm - STATUS: deployed
[INFO ] 2023-09-18 06:31:42.689 [pool-5-thread-1] Helm - REVISION: 1
[INFO ] 2023-09-18 06:31:42.689 [pool-5-thread-1] Helm - TEST SUITE: None
[INFO ] 2023-09-18 06:31:42.689 [pool-5-thread-1] Helm - NOTES:
[INFO ] 2023-09-18 06:31:42.689 [pool-5-thread-1] Helm - CHART NAME: kafka
[INFO ] 2023-09-18 06:31:42.689 [pool-5-thread-1] Helm - CHART VERSION: 22.1.3
[INFO ] 2023-09-18 06:31:42.690 [pool-5-thread-1] Helm - APP VERSION: 3.4.0
[INFO ] 2023-09-18 06:31:42.690 [pool-5-thread-1] Helm - 
[INFO ] 2023-09-18 06:31:42.690 [pool-5-thread-1] Helm - ** Please be patient while the chart is being deployed **
[INFO ] 2023-09-18 06:31:42.690 [pool-5-thread-1] Helm - 
[INFO ] 2023-09-18 06:31:42.691 [pool-5-thread-1] Helm - Kafka can be accessed by consumers via port 9092 on the following DNS name from within your cluster:
[INFO ] 2023-09-18 06:31:42.691 [pool-5-thread-1] Helm - 
[INFO ] 2023-09-18 06:31:42.691 [pool-5-thread-1] Helm -     kafka.reactive.svc.cluster.local
[INFO ] 2023-09-18 06:31:42.691 [pool-5-thread-1] Helm - 
[INFO ] 2023-09-18 06:31:42.691 [pool-5-thread-1] Helm - Each Kafka broker can be accessed by producers via port 9092 on the following DNS name(s) from within your cluster:
[INFO ] 2023-09-18 06:31:42.692 [pool-5-thread-1] Helm - 
[INFO ] 2023-09-18 06:31:42.692 [pool-5-thread-1] Helm -     kafka-0.kafka-headless.reactive.svc.cluster.local:9092
[INFO ] 2023-09-18 06:31:42.692 [pool-5-thread-1] Helm -     kafka-1.kafka-headless.reactive.svc.cluster.local:9092
[INFO ] 2023-09-18 06:31:42.692 [pool-5-thread-1] Helm -     kafka-2.kafka-headless.reactive.svc.cluster.local:9092
[INFO ] 2023-09-18 06:31:42.692 [pool-5-thread-1] Helm -     kafka-3.kafka-headless.reactive.svc.cluster.local:9092
[INFO ] 2023-09-18 06:31:42.692 [pool-5-thread-1] Helm -     kafka-4.kafka-headless.reactive.svc.cluster.local:9092
[INFO ] 2023-09-18 06:31:42.692 [pool-5-thread-1] Helm - 
[INFO ] 2023-09-18 06:31:42.693 [pool-5-thread-1] Helm - To create a pod that you can use as a Kafka client run the following commands:
[INFO ] 2023-09-18 06:31:42.693 [pool-5-thread-1] Helm - 
[INFO ] 2023-09-18 06:31:42.693 [pool-5-thread-1] Helm -     kubectl run kafka-client --restart='Never' --image docker.io/bitnami/kafka:3.4.0-debian-11-r33 --namespace reactive --command -- sleep infinity
[INFO ] 2023-09-18 06:31:42.693 [pool-5-thread-1] Helm -     kubectl exec --tty -i kafka-client --namespace reactive -- bash
[INFO ] 2023-09-18 06:31:42.693 [pool-5-thread-1] Helm - 
[INFO ] 2023-09-18 06:31:42.693 [pool-5-thread-1] Helm -     PRODUCER:
[INFO ] 2023-09-18 06:31:42.693 [pool-5-thread-1] Helm -         kafka-console-producer.sh \
[INFO ] 2023-09-18 06:31:42.693 [pool-5-thread-1] Helm -             --broker-list kafka-0.kafka-headless.reactive.svc.cluster.local:9092,kafka-1.kafka-headless.reactive.svc.cluster.local:9092,kafka-2.kafka-headless.reactive.svc.cluster.local:9092,kafka-3.kafka-headless.reactive.svc.cluster.local:9092,kafka-4.kafka-headless.reactive.svc.cluster.local:9092 \
[INFO ] 2023-09-18 06:31:42.694 [pool-5-thread-1] Helm -             --topic test
[INFO ] 2023-09-18 06:31:42.694 [pool-5-thread-1] Helm - 
[INFO ] 2023-09-18 06:31:42.694 [pool-5-thread-1] Helm -     CONSUMER:
[INFO ] 2023-09-18 06:31:42.694 [pool-5-thread-1] Helm -         kafka-console-consumer.sh \
[INFO ] 2023-09-18 06:31:42.694 [pool-5-thread-1] Helm -             --bootstrap-server kafka.reactive.svc.cluster.local:9092 \
[INFO ] 2023-09-18 06:31:42.694 [pool-5-thread-1] Helm -             --topic test \
[INFO ] 2023-09-18 06:31:42.694 [pool-5-thread-1] Helm -             --from-beginning
[INFO ] 2023-09-18 06:31:42.703 [main] ClientsManager - Helm deploy: { generators: { chart : kubernetes/generators } }
[INFO ] 2023-09-18 06:31:42.703 [main] ClientsManager - kubernetes/generators
[INFO ] 2023-09-18 06:31:43.047 [pool-6-thread-1] Helm - NAME: generators
[INFO ] 2023-09-18 06:31:43.048 [pool-6-thread-1] Helm - LAST DEPLOYED: Mon Sep 18 06:31:42 2023
[INFO ] 2023-09-18 06:31:43.048 [pool-6-thread-1] Helm - NAMESPACE: reactive
[INFO ] 2023-09-18 06:31:43.048 [pool-6-thread-1] Helm - STATUS: deployed
[INFO ] 2023-09-18 06:31:43.048 [pool-6-thread-1] Helm - REVISION: 1
[INFO ] 2023-09-18 06:31:43.048 [pool-6-thread-1] Helm - TEST SUITE: None
[INFO ] 2023-09-18 06:32:57.324 [main] ClientsManager - Generator started with parameters: {"generatorType":"ADS","topic":"input","brokerList":"kafka.reactive.svc.cluster.local:9092","limiterType":"DATASET","limiterMaxNoise":0.1,"amplitude":0,"period":3600,"verticalPhase":300000,"fileName":"datasets/ADS_3D_1S_4_sub_30K_max.csv","header":true,"separator":"|","scale":1.0,"redisHost":"redis-cluster","redisPort":6379}
[INFO ] 2023-09-18 06:33:11.831 [main] ClientsManager - Generator started with parameters: {"generatorType":"ADS","topic":"input","brokerList":"kafka.reactive.svc.cluster.local:9092","limiterType":"DATASET","limiterMaxNoise":0.1,"amplitude":0,"period":3600,"verticalPhase":300000,"fileName":"datasets/ADS_3D_1S_4_sub_30K_max.csv","header":true,"separator":"|","scale":1.0,"redisHost":"redis-cluster","redisPort":6379}
[INFO ] 2023-09-18 06:33:25.917 [main] ClientsManager - Generator started with parameters: {"generatorType":"ADS","topic":"input","brokerList":"kafka.reactive.svc.cluster.local:9092","limiterType":"DATASET","limiterMaxNoise":0.1,"amplitude":0,"period":3600,"verticalPhase":300000,"fileName":"datasets/ADS_3D_1S_4_sub_30K_max.csv","header":true,"separator":"|","scale":1.0,"redisHost":"redis-cluster","redisPort":6379}
[INFO ] 2023-09-18 06:33:25.918 [main] ClientsManager - Yaml deploy: { flinkReactive: { 1 : kubernetes/flink/flink-configmap.yaml },{ 2 : kubernetes/flink/jobmanager-application.yaml },{ 3 : kubernetes/flink/jobmanager-service.yaml },{ 4 : kubernetes/flink/jobmanager-rest-service.yaml },{ 5 : kubernetes/flink/taskmanager-job-deployment.yaml } }
[INFO ] 2023-09-18 06:34:32.242 [main] SequenceFSM - Started target job: FlinkJob{port=32007, entryClass='de.tu_berlin.dos.arm.streaming_experiment_suite.jobs.YahooStreamingBenchmark', jobName='reactive', brokerList='kafka.reactive.svc.cluster.local:9092', consTopic='input', prodTopic='output', extraArgs={redisHost=redis-cluster, redisPort=6379}, config={scaleOut: 24, taskSlots: 1, cpu: 1.0, memory: 4096, chkInt: 10000}, tsList=[1695018873], jobId='488a0924d74a69724354bfd7a7c772ba', isActive=true}
[INFO ] 2023-09-18 06:34:32.242 [main] SequenceFSM - STATE-CHANGE: INITIALIZE -> EXECUTE
[INFO ] 2023-09-18 06:34:32.340 [main] SequenceFSM - Starting Experiment: 1695018873
[INFO ] 2023-09-18 07:19:40.017 [pool-2-thread-1] SequenceFSM - Injecting delay into target job: reactive at TS: 1695021581
[WARN ] 2023-09-18 07:19:40.036 [pool-2-thread-1] VersionUsageUtils - The client is using resource type 'networkchaos' with unstable version 'v1alpha1'
[INFO ] 2023-09-18 08:04:41.013 [pool-2-thread-2] SequenceFSM - Injecting delay into target job: reactive at TS: 1695024282
[INFO ] 2023-09-18 08:49:34.012 [pool-2-thread-3] SequenceFSM - Injecting delay into target job: reactive at TS: 1695026975
[INFO ] 2023-09-18 09:34:44.009 [pool-2-thread-4] SequenceFSM - Injecting delay into target job: reactive at TS: 1695029685
[INFO ] 2023-09-18 10:19:51.004 [pool-2-thread-5] SequenceFSM - Injecting delay into target job: reactive at TS: 1695032392
[INFO ] 2023-09-18 11:04:46.005 [pool-2-thread-6] SequenceFSM - Injecting delay into target job: reactive at TS: 1695035087
[INFO ] 2023-09-18 11:49:35.006 [pool-2-thread-7] SequenceFSM - Injecting delay into target job: reactive at TS: 1695037776
[INFO ] 2023-09-18 12:34:48.007 [pool-2-thread-8] SequenceFSM - Injecting delay into target job: reactive at TS: 1695040489
[INFO ] 2023-09-18 13:19:40.003 [pool-2-thread-9] SequenceFSM - Injecting delay into target job: reactive at TS: 1695043181
[INFO ] 2023-09-18 14:04:48.011 [pool-2-thread-10] SequenceFSM - Injecting delay into target job: reactive at TS: 1695045889
[INFO ] 2023-09-18 14:49:43.007 [pool-2-thread-11] SequenceFSM - Injecting delay into target job: reactive at TS: 1695048584
[INFO ] 2023-09-18 15:34:45.010 [pool-2-thread-12] SequenceFSM - Injecting delay into target job: reactive at TS: 1695051286
[INFO ] 2023-09-18 16:19:41.013 [pool-2-thread-13] SequenceFSM - Injecting delay into target job: reactive at TS: 1695053982
[INFO ] 2023-09-18 17:04:47.002 [pool-2-thread-14] SequenceFSM - Injecting delay into target job: reactive at TS: 1695056687
[INFO ] 2023-09-18 17:49:49.009 [pool-2-thread-15] SequenceFSM - Injecting delay into target job: reactive at TS: 1695059390
[INFO ] 2023-09-18 18:34:34.002 [pool-2-thread-16] SequenceFSM - Injecting delay into target job: reactive at TS: 1695062075
[INFO ] 2023-09-18 19:19:52.002 [pool-2-thread-17] SequenceFSM - Injecting delay into target job: reactive at TS: 1695064792
[INFO ] 2023-09-18 20:04:52.002 [pool-2-thread-18] SequenceFSM - Injecting delay into target job: reactive at TS: 1695067492
[INFO ] 2023-09-18 20:49:38.006 [pool-2-thread-19] SequenceFSM - Injecting delay into target job: reactive at TS: 1695070179
[INFO ] 2023-09-18 21:34:49.012 [pool-2-thread-20] SequenceFSM - Injecting delay into target job: reactive at TS: 1695072890
[INFO ] 2023-09-18 22:19:33.008 [pool-2-thread-21] SequenceFSM - Injecting delay into target job: reactive at TS: 1695075574
[INFO ] 2023-09-18 23:04:36.009 [pool-2-thread-22] SequenceFSM - Injecting delay into target job: reactive at TS: 1695078277
[INFO ] 2023-09-18 23:49:35.005 [pool-2-thread-23] SequenceFSM - Injecting delay into target job: reactive at TS: 1695080976
[INFO ] 2023-09-19 00:34:32.009 [main] SequenceFSM - Stopping Experiment: 1695083673
[INFO ] 2023-09-19 00:34:44.005 [pool-2-thread-24] SequenceFSM - Injecting delay into target job: reactive at TS: 1695083685
