[INFO ] 2023-09-20 06:21:39.159 [main] Context - Reserving NodePort: 32007
[INFO ] 2023-09-20 06:21:39.469 [main] SequenceFSM - STATE-CHANGE: START -> INITIALIZE
[WARN ] 2023-09-20 06:21:39.850 [main] VersionUsageUtils - The client is using resource type 'flinkdeployments' with unstable version 'v1beta1'
[INFO ] 2023-09-20 06:21:45.267 [OkHttp https://10.233.0.1/...] K8sClient - Namespace (reactive) DELETED
[INFO ] 2023-09-20 06:21:45.328 [OkHttp https://10.233.0.1/...] K8sClient - Namespace (reactive) ADDED
[INFO ] 2023-09-20 06:21:45.331 [main] ClientsManager - Helm deploy: { redis-cluster: { repo : https://charts.bitnami.com/bitnami },{ values : kubernetes/redis-cluster/values.yaml },{ version : 7.6.4 } }
[INFO ] 2023-09-20 06:21:48.423 [pool-4-thread-1] Helm - NAME: redis-cluster
[INFO ] 2023-09-20 06:21:48.424 [pool-4-thread-1] Helm - LAST DEPLOYED: Wed Sep 20 06:21:47 2023
[INFO ] 2023-09-20 06:21:48.424 [pool-4-thread-1] Helm - NAMESPACE: reactive
[INFO ] 2023-09-20 06:21:48.424 [pool-4-thread-1] Helm - STATUS: deployed
[INFO ] 2023-09-20 06:21:48.425 [pool-4-thread-1] Helm - REVISION: 1
[INFO ] 2023-09-20 06:21:48.425 [pool-4-thread-1] Helm - TEST SUITE: None
[INFO ] 2023-09-20 06:21:48.425 [pool-4-thread-1] Helm - NOTES:
[INFO ] 2023-09-20 06:21:48.425 [pool-4-thread-1] Helm - CHART NAME: redis-cluster
[INFO ] 2023-09-20 06:21:48.425 [pool-4-thread-1] Helm - CHART VERSION: 7.6.4
[INFO ] 2023-09-20 06:21:48.425 [pool-4-thread-1] Helm - APP VERSION: 6.2.7** Please be patient while the chart is being deployed **
[INFO ] 2023-09-20 06:21:48.426 [pool-4-thread-1] Helm - 
[INFO ] 2023-09-20 06:21:48.426 [pool-4-thread-1] Helm - 
[INFO ] 2023-09-20 06:21:48.426 [pool-4-thread-1] Helm - 
[INFO ] 2023-09-20 06:21:48.426 [pool-4-thread-1] Helm - You have deployed a Redis&reg; Cluster accessible only from within you Kubernetes Cluster.INFO: The Job to create the cluster will be created.To connect to your Redis&reg; cluster:
[INFO ] 2023-09-20 06:21:48.426 [pool-4-thread-1] Helm - 
[INFO ] 2023-09-20 06:21:48.426 [pool-4-thread-1] Helm - 1. Run a Redis&reg; pod that you can use as a client:
[INFO ] 2023-09-20 06:21:48.426 [pool-4-thread-1] Helm - kubectl run --namespace reactive redis-cluster-client --rm --tty -i --restart='Never' \
[INFO ] 2023-09-20 06:21:48.427 [pool-4-thread-1] Helm - 
[INFO ] 2023-09-20 06:21:48.427 [pool-4-thread-1] Helm - --image docker.io/bitnami/redis-cluster:6.2.7-debian-11-r9 -- bash
[INFO ] 2023-09-20 06:21:48.427 [pool-4-thread-1] Helm - 
[INFO ] 2023-09-20 06:21:48.427 [pool-4-thread-1] Helm - 2. Connect using the Redis&reg; CLI:
[INFO ] 2023-09-20 06:21:48.427 [pool-4-thread-1] Helm - 
[INFO ] 2023-09-20 06:21:48.427 [pool-4-thread-1] Helm - redis-cli -c -h redis-cluster
[INFO ] 2023-09-20 06:21:48.438 [main] ClientsManager - Helm deploy: { kafka: { repo : https://charts.bitnami.com/bitnami },{ values : kubernetes/kafka/values.yaml },{ version : 22.1.3 } }
[INFO ] 2023-09-20 06:21:51.400 [pool-5-thread-1] Helm - NAME: kafka
[INFO ] 2023-09-20 06:21:51.401 [pool-5-thread-1] Helm - LAST DEPLOYED: Wed Sep 20 06:21:50 2023
[INFO ] 2023-09-20 06:21:51.401 [pool-5-thread-1] Helm - NAMESPACE: reactive
[INFO ] 2023-09-20 06:21:51.401 [pool-5-thread-1] Helm - STATUS: deployed
[INFO ] 2023-09-20 06:21:51.402 [pool-5-thread-1] Helm - REVISION: 1
[INFO ] 2023-09-20 06:21:51.402 [pool-5-thread-1] Helm - TEST SUITE: None
[INFO ] 2023-09-20 06:21:51.402 [pool-5-thread-1] Helm - NOTES:
[INFO ] 2023-09-20 06:21:51.402 [pool-5-thread-1] Helm - CHART NAME: kafka
[INFO ] 2023-09-20 06:21:51.402 [pool-5-thread-1] Helm - CHART VERSION: 22.1.3
[INFO ] 2023-09-20 06:21:51.403 [pool-5-thread-1] Helm - APP VERSION: 3.4.0
[INFO ] 2023-09-20 06:21:51.403 [pool-5-thread-1] Helm - 
[INFO ] 2023-09-20 06:21:51.403 [pool-5-thread-1] Helm - ** Please be patient while the chart is being deployed **
[INFO ] 2023-09-20 06:21:51.403 [pool-5-thread-1] Helm - 
[INFO ] 2023-09-20 06:21:51.404 [pool-5-thread-1] Helm - Kafka can be accessed by consumers via port 9092 on the following DNS name from within your cluster:
[INFO ] 2023-09-20 06:21:51.404 [pool-5-thread-1] Helm - 
[INFO ] 2023-09-20 06:21:51.404 [pool-5-thread-1] Helm -     kafka.reactive.svc.cluster.local
[INFO ] 2023-09-20 06:21:51.404 [pool-5-thread-1] Helm - 
[INFO ] 2023-09-20 06:21:51.404 [pool-5-thread-1] Helm - Each Kafka broker can be accessed by producers via port 9092 on the following DNS name(s) from within your cluster:
[INFO ] 2023-09-20 06:21:51.405 [pool-5-thread-1] Helm - 
[INFO ] 2023-09-20 06:21:51.405 [pool-5-thread-1] Helm -     kafka-0.kafka-headless.reactive.svc.cluster.local:9092
[INFO ] 2023-09-20 06:21:51.405 [pool-5-thread-1] Helm -     kafka-1.kafka-headless.reactive.svc.cluster.local:9092
[INFO ] 2023-09-20 06:21:51.405 [pool-5-thread-1] Helm -     kafka-2.kafka-headless.reactive.svc.cluster.local:9092
[INFO ] 2023-09-20 06:21:51.405 [pool-5-thread-1] Helm -     kafka-3.kafka-headless.reactive.svc.cluster.local:9092
[INFO ] 2023-09-20 06:21:51.405 [pool-5-thread-1] Helm -     kafka-4.kafka-headless.reactive.svc.cluster.local:9092
[INFO ] 2023-09-20 06:21:51.406 [pool-5-thread-1] Helm - 
[INFO ] 2023-09-20 06:21:51.406 [pool-5-thread-1] Helm - To create a pod that you can use as a Kafka client run the following commands:
[INFO ] 2023-09-20 06:21:51.406 [pool-5-thread-1] Helm - 
[INFO ] 2023-09-20 06:21:51.406 [pool-5-thread-1] Helm -     kubectl run kafka-client --restart='Never' --image docker.io/bitnami/kafka:3.4.0-debian-11-r33 --namespace reactive --command -- sleep infinity
[INFO ] 2023-09-20 06:21:51.406 [pool-5-thread-1] Helm -     kubectl exec --tty -i kafka-client --namespace reactive -- bash
[INFO ] 2023-09-20 06:21:51.407 [pool-5-thread-1] Helm - 
[INFO ] 2023-09-20 06:21:51.407 [pool-5-thread-1] Helm -     PRODUCER:
[INFO ] 2023-09-20 06:21:51.407 [pool-5-thread-1] Helm -         kafka-console-producer.sh \
[INFO ] 2023-09-20 06:21:51.407 [pool-5-thread-1] Helm -             --broker-list kafka-0.kafka-headless.reactive.svc.cluster.local:9092,kafka-1.kafka-headless.reactive.svc.cluster.local:9092,kafka-2.kafka-headless.reactive.svc.cluster.local:9092,kafka-3.kafka-headless.reactive.svc.cluster.local:9092,kafka-4.kafka-headless.reactive.svc.cluster.local:9092 \
[INFO ] 2023-09-20 06:21:51.408 [pool-5-thread-1] Helm -             --topic test
[INFO ] 2023-09-20 06:21:51.408 [pool-5-thread-1] Helm - 
[INFO ] 2023-09-20 06:21:51.408 [pool-5-thread-1] Helm -     CONSUMER:
[INFO ] 2023-09-20 06:21:51.408 [pool-5-thread-1] Helm -         kafka-console-consumer.sh \
[INFO ] 2023-09-20 06:21:51.408 [pool-5-thread-1] Helm -             --bootstrap-server kafka.reactive.svc.cluster.local:9092 \
[INFO ] 2023-09-20 06:21:51.408 [pool-5-thread-1] Helm -             --topic test \
[INFO ] 2023-09-20 06:21:51.409 [pool-5-thread-1] Helm -             --from-beginning
[INFO ] 2023-09-20 06:21:51.415 [main] ClientsManager - Helm deploy: { generators: { chart : kubernetes/generators } }
[INFO ] 2023-09-20 06:21:51.416 [main] ClientsManager - kubernetes/generators
[INFO ] 2023-09-20 06:21:51.742 [pool-6-thread-1] Helm - NAME: generators
[INFO ] 2023-09-20 06:21:51.743 [pool-6-thread-1] Helm - LAST DEPLOYED: Wed Sep 20 06:21:51 2023
[INFO ] 2023-09-20 06:21:51.743 [pool-6-thread-1] Helm - NAMESPACE: reactive
[INFO ] 2023-09-20 06:21:51.743 [pool-6-thread-1] Helm - STATUS: deployed
[INFO ] 2023-09-20 06:21:51.743 [pool-6-thread-1] Helm - REVISION: 1
[INFO ] 2023-09-20 06:21:51.743 [pool-6-thread-1] Helm - TEST SUITE: None
[INFO ] 2023-09-20 06:23:05.616 [main] ClientsManager - Generator started with parameters: {"generatorType":"ADS","topic":"input","brokerList":"kafka.reactive.svc.cluster.local:9092","limiterType":"DATASET","limiterMaxNoise":0.1,"amplitude":0,"period":3600,"verticalPhase":300000,"fileName":"datasets/ADS_3D_1S_4_sub_30K_max.csv","header":true,"separator":"|","scale":1.0,"redisHost":"redis-cluster","redisPort":6379}
[INFO ] 2023-09-20 06:23:19.563 [main] ClientsManager - Generator started with parameters: {"generatorType":"ADS","topic":"input","brokerList":"kafka.reactive.svc.cluster.local:9092","limiterType":"DATASET","limiterMaxNoise":0.1,"amplitude":0,"period":3600,"verticalPhase":300000,"fileName":"datasets/ADS_3D_1S_4_sub_30K_max.csv","header":true,"separator":"|","scale":1.0,"redisHost":"redis-cluster","redisPort":6379}
[INFO ] 2023-09-20 06:23:34.143 [main] ClientsManager - Generator started with parameters: {"generatorType":"ADS","topic":"input","brokerList":"kafka.reactive.svc.cluster.local:9092","limiterType":"DATASET","limiterMaxNoise":0.1,"amplitude":0,"period":3600,"verticalPhase":300000,"fileName":"datasets/ADS_3D_1S_4_sub_30K_max.csv","header":true,"separator":"|","scale":1.0,"redisHost":"redis-cluster","redisPort":6379}
[INFO ] 2023-09-20 06:23:34.144 [main] ClientsManager - Yaml deploy: { flinkReactive: { 1 : kubernetes/flink/flink-configmap.yaml },{ 2 : kubernetes/flink/jobmanager-application.yaml },{ 3 : kubernetes/flink/jobmanager-service.yaml },{ 4 : kubernetes/flink/jobmanager-rest-service.yaml },{ 5 : kubernetes/flink/taskmanager-job-deployment.yaml } }
[INFO ] 2023-09-20 06:24:41.245 [main] SequenceFSM - Started target job: FlinkJob{port=32007, entryClass='de.tu_berlin.dos.arm.streaming_experiment_suite.jobs.YahooStreamingBenchmark', jobName='reactive', brokerList='kafka.reactive.svc.cluster.local:9092', consTopic='input', prodTopic='output', extraArgs={redisHost=redis-cluster, redisPort=6379}, config={scaleOut: 24, taskSlots: 1, cpu: 1.0, memory: 4096, chkInt: 10000}, tsList=[1695191082], jobId='c27dc6b8e575b0b6d5bf7f1d89371d61', isActive=true}
[INFO ] 2023-09-20 06:24:41.245 [main] SequenceFSM - STATE-CHANGE: INITIALIZE -> EXECUTE
[INFO ] 2023-09-20 06:24:41.349 [main] SequenceFSM - Starting Experiment: 1695191082
[INFO ] 2023-09-20 07:09:51.008 [pool-2-thread-1] SequenceFSM - Injecting delay into target job: reactive at TS: 1695193792
[WARN ] 2023-09-20 07:09:51.027 [pool-2-thread-1] VersionUsageUtils - The client is using resource type 'networkchaos' with unstable version 'v1alpha1'
[INFO ] 2023-09-20 07:54:45.009 [pool-2-thread-2] SequenceFSM - Injecting delay into target job: reactive at TS: 1695196486
[INFO ] 2023-09-20 08:40:01.009 [pool-2-thread-3] SequenceFSM - Injecting delay into target job: reactive at TS: 1695199202
[INFO ] 2023-09-20 09:24:42.007 [pool-2-thread-4] SequenceFSM - Injecting delay into target job: reactive at TS: 1695201883
[INFO ] 2023-09-20 10:09:59.009 [pool-2-thread-5] SequenceFSM - Injecting delay into target job: reactive at TS: 1695204600
[INFO ] 2023-09-20 10:54:51.007 [pool-2-thread-6] SequenceFSM - Injecting delay into target job: reactive at TS: 1695207292
[INFO ] 2023-09-20 11:39:59.006 [pool-2-thread-7] SequenceFSM - Injecting delay into target job: reactive at TS: 1695210000
[INFO ] 2023-09-20 12:24:43.006 [pool-2-thread-8] SequenceFSM - Injecting delay into target job: reactive at TS: 1695212684
[INFO ] 2023-09-20 13:09:48.003 [pool-2-thread-9] SequenceFSM - Injecting delay into target job: reactive at TS: 1695215389
[INFO ] 2023-09-20 13:54:56.012 [pool-2-thread-10] SequenceFSM - Injecting delay into target job: reactive at TS: 1695218097
[INFO ] 2023-09-20 14:39:52.004 [pool-2-thread-11] SequenceFSM - Injecting delay into target job: reactive at TS: 1695220793
[INFO ] 2023-09-20 15:24:58.006 [pool-2-thread-12] SequenceFSM - Injecting delay into target job: reactive at TS: 1695223499
[INFO ] 2023-09-20 16:09:44.011 [pool-2-thread-13] SequenceFSM - Injecting delay into target job: reactive at TS: 1695226185
[INFO ] 2023-09-20 16:54:45.010 [pool-2-thread-14] SequenceFSM - Injecting delay into target job: reactive at TS: 1695228886
[INFO ] 2023-09-20 17:39:42.008 [pool-2-thread-15] SequenceFSM - Injecting delay into target job: reactive at TS: 1695231583
[INFO ] 2023-09-20 18:24:49.008 [pool-2-thread-16] SequenceFSM - Injecting delay into target job: reactive at TS: 1695234290
[INFO ] 2023-09-20 19:09:44.005 [pool-2-thread-17] SequenceFSM - Injecting delay into target job: reactive at TS: 1695236985
[INFO ] 2023-09-20 19:54:59.007 [pool-2-thread-18] SequenceFSM - Injecting delay into target job: reactive at TS: 1695239700
[INFO ] 2023-09-20 20:39:57.008 [pool-2-thread-19] SequenceFSM - Injecting delay into target job: reactive at TS: 1695242398
[INFO ] 2023-09-20 21:24:51.010 [pool-2-thread-20] SequenceFSM - Injecting delay into target job: reactive at TS: 1695245092
[INFO ] 2023-09-20 22:09:54.006 [pool-2-thread-21] SequenceFSM - Injecting delay into target job: reactive at TS: 1695247795
[INFO ] 2023-09-20 22:54:58.004 [pool-2-thread-22] SequenceFSM - Injecting delay into target job: reactive at TS: 1695250499
[INFO ] 2023-09-20 23:40:01.003 [pool-2-thread-23] SequenceFSM - Injecting delay into target job: reactive at TS: 1695253202
[INFO ] 2023-09-21 00:24:41.240 [main] SequenceFSM - Stopping Experiment: 1695255882
[INFO ] 2023-09-21 00:24:55.011 [pool-2-thread-24] SequenceFSM - Injecting delay into target job: reactive at TS: 1695255896
