[INFO ] 2023-09-19 06:01:17.444 [main] Context - Reserving NodePort: 32007
[INFO ] 2023-09-19 06:01:18.350 [main] SequenceFSM - STATE-CHANGE: START -> INITIALIZE
[WARN ] 2023-09-19 06:01:19.182 [main] VersionUsageUtils - The client is using resource type 'flinkdeployments' with unstable version 'v1beta1'
[INFO ] 2023-09-19 06:01:24.749 [OkHttp https://10.233.0.1/...] K8sClient - Namespace (reactive) DELETED
[INFO ] 2023-09-19 06:01:24.790 [OkHttp https://10.233.0.1/...] K8sClient - Namespace (reactive) ADDED
[INFO ] 2023-09-19 06:01:24.792 [main] ClientsManager - Helm deploy: { kafka: { repo : https://charts.bitnami.com/bitnami },{ values : kubernetes/kafka/values.yaml },{ version : 22.1.3 } }
[INFO ] 2023-09-19 06:01:28.141 [pool-4-thread-1] Helm - NAME: kafka
[INFO ] 2023-09-19 06:01:28.142 [pool-4-thread-1] Helm - LAST DEPLOYED: Tue Sep 19 06:01:27 2023
[INFO ] 2023-09-19 06:01:28.142 [pool-4-thread-1] Helm - NAMESPACE: reactive
[INFO ] 2023-09-19 06:01:28.143 [pool-4-thread-1] Helm - STATUS: deployed
[INFO ] 2023-09-19 06:01:28.143 [pool-4-thread-1] Helm - REVISION: 1
[INFO ] 2023-09-19 06:01:28.143 [pool-4-thread-1] Helm - TEST SUITE: None
[INFO ] 2023-09-19 06:01:28.143 [pool-4-thread-1] Helm - NOTES:
[INFO ] 2023-09-19 06:01:28.143 [pool-4-thread-1] Helm - CHART NAME: kafka
[INFO ] 2023-09-19 06:01:28.144 [pool-4-thread-1] Helm - CHART VERSION: 22.1.3
[INFO ] 2023-09-19 06:01:28.144 [pool-4-thread-1] Helm - APP VERSION: 3.4.0
[INFO ] 2023-09-19 06:01:28.144 [pool-4-thread-1] Helm - 
[INFO ] 2023-09-19 06:01:28.144 [pool-4-thread-1] Helm - ** Please be patient while the chart is being deployed **
[INFO ] 2023-09-19 06:01:28.144 [pool-4-thread-1] Helm - 
[INFO ] 2023-09-19 06:01:28.145 [pool-4-thread-1] Helm - Kafka can be accessed by consumers via port 9092 on the following DNS name from within your cluster:
[INFO ] 2023-09-19 06:01:28.145 [pool-4-thread-1] Helm - 
[INFO ] 2023-09-19 06:01:28.145 [pool-4-thread-1] Helm -     kafka.reactive.svc.cluster.local
[INFO ] 2023-09-19 06:01:28.145 [pool-4-thread-1] Helm - 
[INFO ] 2023-09-19 06:01:28.145 [pool-4-thread-1] Helm - Each Kafka broker can be accessed by producers via port 9092 on the following DNS name(s) from within your cluster:
[INFO ] 2023-09-19 06:01:28.146 [pool-4-thread-1] Helm - 
[INFO ] 2023-09-19 06:01:28.146 [pool-4-thread-1] Helm -     kafka-0.kafka-headless.reactive.svc.cluster.local:9092
[INFO ] 2023-09-19 06:01:28.146 [pool-4-thread-1] Helm -     kafka-1.kafka-headless.reactive.svc.cluster.local:9092
[INFO ] 2023-09-19 06:01:28.146 [pool-4-thread-1] Helm -     kafka-2.kafka-headless.reactive.svc.cluster.local:9092
[INFO ] 2023-09-19 06:01:28.147 [pool-4-thread-1] Helm -     kafka-3.kafka-headless.reactive.svc.cluster.local:9092
[INFO ] 2023-09-19 06:01:28.147 [pool-4-thread-1] Helm -     kafka-4.kafka-headless.reactive.svc.cluster.local:9092
[INFO ] 2023-09-19 06:01:28.147 [pool-4-thread-1] Helm - 
[INFO ] 2023-09-19 06:01:28.147 [pool-4-thread-1] Helm - To create a pod that you can use as a Kafka client run the following commands:
[INFO ] 2023-09-19 06:01:28.147 [pool-4-thread-1] Helm - 
[INFO ] 2023-09-19 06:01:28.148 [pool-4-thread-1] Helm -     kubectl run kafka-client --restart='Never' --image docker.io/bitnami/kafka:3.4.0-debian-11-r33 --namespace reactive --command -- sleep infinity
[INFO ] 2023-09-19 06:01:28.148 [pool-4-thread-1] Helm -     kubectl exec --tty -i kafka-client --namespace reactive -- bash
[INFO ] 2023-09-19 06:01:28.148 [pool-4-thread-1] Helm - 
[INFO ] 2023-09-19 06:01:28.148 [pool-4-thread-1] Helm -     PRODUCER:
[INFO ] 2023-09-19 06:01:28.148 [pool-4-thread-1] Helm -         kafka-console-producer.sh \
[INFO ] 2023-09-19 06:01:28.149 [pool-4-thread-1] Helm -             --broker-list kafka-0.kafka-headless.reactive.svc.cluster.local:9092,kafka-1.kafka-headless.reactive.svc.cluster.local:9092,kafka-2.kafka-headless.reactive.svc.cluster.local:9092,kafka-3.kafka-headless.reactive.svc.cluster.local:9092,kafka-4.kafka-headless.reactive.svc.cluster.local:9092 \
[INFO ] 2023-09-19 06:01:28.149 [pool-4-thread-1] Helm -             --topic test
[INFO ] 2023-09-19 06:01:28.149 [pool-4-thread-1] Helm - 
[INFO ] 2023-09-19 06:01:28.149 [pool-4-thread-1] Helm -     CONSUMER:
[INFO ] 2023-09-19 06:01:28.149 [pool-4-thread-1] Helm -         kafka-console-consumer.sh \
[INFO ] 2023-09-19 06:01:28.149 [pool-4-thread-1] Helm -             --bootstrap-server kafka.reactive.svc.cluster.local:9092 \
[INFO ] 2023-09-19 06:01:28.149 [pool-4-thread-1] Helm -             --topic test \
[INFO ] 2023-09-19 06:01:28.149 [pool-4-thread-1] Helm -             --from-beginning
[INFO ] 2023-09-19 06:01:28.156 [main] ClientsManager - Helm deploy: { generators: { chart : kubernetes/generators } }
[INFO ] 2023-09-19 06:01:28.157 [main] ClientsManager - kubernetes/generators
[INFO ] 2023-09-19 06:01:28.878 [pool-5-thread-1] Helm - NAME: generators
[INFO ] 2023-09-19 06:01:28.879 [pool-5-thread-1] Helm - LAST DEPLOYED: Tue Sep 19 06:01:28 2023
[INFO ] 2023-09-19 06:01:28.880 [pool-5-thread-1] Helm - NAMESPACE: reactive
[INFO ] 2023-09-19 06:01:28.880 [pool-5-thread-1] Helm - STATUS: deployed
[INFO ] 2023-09-19 06:01:28.880 [pool-5-thread-1] Helm - REVISION: 1
[INFO ] 2023-09-19 06:01:28.880 [pool-5-thread-1] Helm - TEST SUITE: None
[INFO ] 2023-09-19 06:02:44.531 [main] ClientsManager - Generator started with parameters: {"generatorType":"CARS","topic":"input","brokerList":"kafka.reactive.svc.cluster.local:9092","limiterType":"DATASET","limiterMaxNoise":0.1,"amplitude":0,"period":3600,"verticalPhase":300000,"fileName":"datasets/CARS_3D_1S_4_sub_35K_max.csv","header":true,"separator":"|","scale":1.0,"redisHost":"redis-cluster","redisPort":6379}
[INFO ] 2023-09-19 06:03:07.767 [main] ClientsManager - Generator started with parameters: {"generatorType":"CARS","topic":"input","brokerList":"kafka.reactive.svc.cluster.local:9092","limiterType":"DATASET","limiterMaxNoise":0.1,"amplitude":0,"period":3600,"verticalPhase":300000,"fileName":"datasets/CARS_3D_1S_4_sub_35K_max.csv","header":true,"separator":"|","scale":1.0,"redisHost":"redis-cluster","redisPort":6379}
[INFO ] 2023-09-19 06:03:22.404 [main] ClientsManager - Generator started with parameters: {"generatorType":"CARS","topic":"input","brokerList":"kafka.reactive.svc.cluster.local:9092","limiterType":"DATASET","limiterMaxNoise":0.1,"amplitude":0,"period":3600,"verticalPhase":300000,"fileName":"datasets/CARS_3D_1S_4_sub_35K_max.csv","header":true,"separator":"|","scale":1.0,"redisHost":"redis-cluster","redisPort":6379}
[INFO ] 2023-09-19 06:03:22.405 [main] ClientsManager - Yaml deploy: { flinkReactive: { 1 : kubernetes/flink/flink-configmap.yaml },{ 2 : kubernetes/flink/jobmanager-application.yaml },{ 3 : kubernetes/flink/jobmanager-service.yaml },{ 4 : kubernetes/flink/jobmanager-rest-service.yaml },{ 5 : kubernetes/flink/taskmanager-job-deployment.yaml } }
[INFO ] 2023-09-19 06:04:29.288 [main] SequenceFSM - Started target job: FlinkJob{port=32007, entryClass='de.tu_berlin.dos.arm.streaming_experiment_suite.jobs.TopSpeedWindowing', jobName='reactive', brokerList='kafka.reactive.svc.cluster.local:9092', consTopic='input', prodTopic='output', extraArgs={}, config={scaleOut: 24, taskSlots: 1, cpu: 1.0, memory: 4096, chkInt: 10000}, tsList=[1695103470], jobId='ab6c22366fd4043977d571ebcc241d36', isActive=true}
[INFO ] 2023-09-19 06:04:29.288 [main] SequenceFSM - STATE-CHANGE: INITIALIZE -> EXECUTE
[INFO ] 2023-09-19 06:04:29.364 [main] SequenceFSM - Starting Experiment: 1695103470
[INFO ] 2023-09-19 06:49:39.008 [pool-2-thread-1] SequenceFSM - Injecting delay into target job: reactive at TS: 1695106180
[WARN ] 2023-09-19 06:49:39.027 [pool-2-thread-1] VersionUsageUtils - The client is using resource type 'networkchaos' with unstable version 'v1alpha1'
[INFO ] 2023-09-19 07:34:34.011 [pool-2-thread-2] SequenceFSM - Injecting delay into target job: reactive at TS: 1695108875
[INFO ] 2023-09-19 08:19:47.003 [pool-2-thread-3] SequenceFSM - Injecting delay into target job: reactive at TS: 1695111588
[INFO ] 2023-09-19 09:04:43.002 [pool-2-thread-4] SequenceFSM - Injecting delay into target job: reactive at TS: 1695114284
[INFO ] 2023-09-19 09:49:41.010 [pool-2-thread-5] SequenceFSM - Injecting delay into target job: reactive at TS: 1695116982
[INFO ] 2023-09-19 10:34:35.004 [pool-2-thread-6] SequenceFSM - Injecting delay into target job: reactive at TS: 1695119676
[INFO ] 2023-09-19 11:19:40.009 [pool-2-thread-7] SequenceFSM - Injecting delay into target job: reactive at TS: 1695122381
[INFO ] 2023-09-19 12:04:52.009 [pool-2-thread-8] SequenceFSM - Injecting delay into target job: reactive at TS: 1695125093
[INFO ] 2023-09-19 12:49:46.006 [pool-2-thread-9] SequenceFSM - Injecting delay into target job: reactive at TS: 1695127787
[INFO ] 2023-09-19 13:34:38.002 [pool-2-thread-10] SequenceFSM - Injecting delay into target job: reactive at TS: 1695130479
[INFO ] 2023-09-19 14:19:47.007 [pool-2-thread-11] SequenceFSM - Injecting delay into target job: reactive at TS: 1695133188
[INFO ] 2023-09-19 15:05:03.004 [pool-2-thread-12] SequenceFSM - Injecting delay into target job: reactive at TS: 1695135904
[INFO ] 2023-09-19 15:49:30.013 [pool-2-thread-13] SequenceFSM - Injecting delay into target job: reactive at TS: 1695138571
[INFO ] 2023-09-19 16:34:41.012 [pool-2-thread-14] SequenceFSM - Injecting delay into target job: reactive at TS: 1695141282
[INFO ] 2023-09-19 17:19:39.010 [pool-2-thread-15] SequenceFSM - Injecting delay into target job: reactive at TS: 1695143980
[INFO ] 2023-09-19 18:04:54.009 [pool-2-thread-16] SequenceFSM - Injecting delay into target job: reactive at TS: 1695146695
[INFO ] 2023-09-19 18:49:35.009 [pool-2-thread-17] SequenceFSM - Injecting delay into target job: reactive at TS: 1695149376
[INFO ] 2023-09-19 19:34:51.006 [pool-2-thread-18] SequenceFSM - Injecting delay into target job: reactive at TS: 1695152092
[INFO ] 2023-09-19 20:20:12.007 [pool-2-thread-19] SequenceFSM - Injecting delay into target job: reactive at TS: 1695154813
[INFO ] 2023-09-19 21:05:08.003 [pool-2-thread-20] SequenceFSM - Injecting delay into target job: reactive at TS: 1695157509
[INFO ] 2023-09-19 21:49:53.003 [pool-2-thread-21] SequenceFSM - Injecting delay into target job: reactive at TS: 1695160194
[INFO ] 2023-09-19 22:34:36.011 [pool-2-thread-22] SequenceFSM - Injecting delay into target job: reactive at TS: 1695162877
[INFO ] 2023-09-19 23:19:47.009 [pool-2-thread-23] SequenceFSM - Injecting delay into target job: reactive at TS: 1695165588
[INFO ] 2023-09-20 00:04:29.015 [main] SequenceFSM - Stopping Experiment: 1695168270
[INFO ] 2023-09-20 00:04:40.002 [pool-2-thread-24] SequenceFSM - Injecting delay into target job: reactive at TS: 1695168281
