[INFO ] 2023-08-12 06:58:31.650 [main] Context - Reserving NodePort: 32007
[INFO ] 2023-08-12 06:58:31.958 [main] SequenceFSM - STATE-CHANGE: START -> INITIALIZE
[WARN ] 2023-08-12 06:58:32.323 [main] VersionUsageUtils - The client is using resource type 'flinkdeployments' with unstable version 'v1beta1'
[INFO ] 2023-08-12 06:58:37.704 [OkHttp https://10.233.0.1/...] K8sClient - Namespace (baseline) DELETED
[INFO ] 2023-08-12 06:58:37.744 [OkHttp https://10.233.0.1/...] K8sClient - Namespace (baseline) ADDED
[INFO ] 2023-08-12 06:58:37.745 [main] ClientsManager - Helm deploy: { kafka: { repo : https://charts.bitnami.com/bitnami },{ values : kubernetes/kafka/values.yaml },{ version : 22.1.3 } }
[INFO ] 2023-08-12 06:58:41.012 [pool-4-thread-1] Helm - NAME: kafka
[INFO ] 2023-08-12 06:58:41.012 [pool-4-thread-1] Helm - LAST DEPLOYED: Sat Aug 12 06:58:40 2023
[INFO ] 2023-08-12 06:58:41.012 [pool-4-thread-1] Helm - NAMESPACE: baseline
[INFO ] 2023-08-12 06:58:41.013 [pool-4-thread-1] Helm - STATUS: deployed
[INFO ] 2023-08-12 06:58:41.013 [pool-4-thread-1] Helm - REVISION: 1
[INFO ] 2023-08-12 06:58:41.013 [pool-4-thread-1] Helm - TEST SUITE: None
[INFO ] 2023-08-12 06:58:41.013 [pool-4-thread-1] Helm - NOTES:
[INFO ] 2023-08-12 06:58:41.014 [pool-4-thread-1] Helm - CHART NAME: kafka
[INFO ] 2023-08-12 06:58:41.014 [pool-4-thread-1] Helm - CHART VERSION: 22.1.3
[INFO ] 2023-08-12 06:58:41.014 [pool-4-thread-1] Helm - APP VERSION: 3.4.0
[INFO ] 2023-08-12 06:58:41.015 [pool-4-thread-1] Helm - 
[INFO ] 2023-08-12 06:58:41.015 [pool-4-thread-1] Helm - ** Please be patient while the chart is being deployed **
[INFO ] 2023-08-12 06:58:41.015 [pool-4-thread-1] Helm - 
[INFO ] 2023-08-12 06:58:41.015 [pool-4-thread-1] Helm - Kafka can be accessed by consumers via port 9092 on the following DNS name from within your cluster:
[INFO ] 2023-08-12 06:58:41.016 [pool-4-thread-1] Helm - 
[INFO ] 2023-08-12 06:58:41.016 [pool-4-thread-1] Helm -     kafka.baseline.svc.cluster.local
[INFO ] 2023-08-12 06:58:41.016 [pool-4-thread-1] Helm - 
[INFO ] 2023-08-12 06:58:41.016 [pool-4-thread-1] Helm - Each Kafka broker can be accessed by producers via port 9092 on the following DNS name(s) from within your cluster:
[INFO ] 2023-08-12 06:58:41.017 [pool-4-thread-1] Helm - 
[INFO ] 2023-08-12 06:58:41.017 [pool-4-thread-1] Helm -     kafka-0.kafka-headless.baseline.svc.cluster.local:9092
[INFO ] 2023-08-12 06:58:41.017 [pool-4-thread-1] Helm -     kafka-1.kafka-headless.baseline.svc.cluster.local:9092
[INFO ] 2023-08-12 06:58:41.017 [pool-4-thread-1] Helm -     kafka-2.kafka-headless.baseline.svc.cluster.local:9092
[INFO ] 2023-08-12 06:58:41.018 [pool-4-thread-1] Helm -     kafka-3.kafka-headless.baseline.svc.cluster.local:9092
[INFO ] 2023-08-12 06:58:41.018 [pool-4-thread-1] Helm -     kafka-4.kafka-headless.baseline.svc.cluster.local:9092
[INFO ] 2023-08-12 06:58:41.018 [pool-4-thread-1] Helm - 
[INFO ] 2023-08-12 06:58:41.018 [pool-4-thread-1] Helm - To create a pod that you can use as a Kafka client run the following commands:
[INFO ] 2023-08-12 06:58:41.018 [pool-4-thread-1] Helm - 
[INFO ] 2023-08-12 06:58:41.018 [pool-4-thread-1] Helm -     kubectl run kafka-client --restart='Never' --image docker.io/bitnami/kafka:3.4.0-debian-11-r33 --namespace baseline --command -- sleep infinity
[INFO ] 2023-08-12 06:58:41.019 [pool-4-thread-1] Helm -     kubectl exec --tty -i kafka-client --namespace baseline -- bash
[INFO ] 2023-08-12 06:58:41.019 [pool-4-thread-1] Helm - 
[INFO ] 2023-08-12 06:58:41.019 [pool-4-thread-1] Helm -     PRODUCER:
[INFO ] 2023-08-12 06:58:41.019 [pool-4-thread-1] Helm -         kafka-console-producer.sh \
[INFO ] 2023-08-12 06:58:41.019 [pool-4-thread-1] Helm -             --broker-list kafka-0.kafka-headless.baseline.svc.cluster.local:9092,kafka-1.kafka-headless.baseline.svc.cluster.local:9092,kafka-2.kafka-headless.baseline.svc.cluster.local:9092,kafka-3.kafka-headless.baseline.svc.cluster.local:9092,kafka-4.kafka-headless.baseline.svc.cluster.local:9092 \
[INFO ] 2023-08-12 06:58:41.020 [pool-4-thread-1] Helm -             --topic test
[INFO ] 2023-08-12 06:58:41.020 [pool-4-thread-1] Helm - 
[INFO ] 2023-08-12 06:58:41.020 [pool-4-thread-1] Helm -     CONSUMER:
[INFO ] 2023-08-12 06:58:41.020 [pool-4-thread-1] Helm -         kafka-console-consumer.sh \
[INFO ] 2023-08-12 06:58:41.020 [pool-4-thread-1] Helm -             --bootstrap-server kafka.baseline.svc.cluster.local:9092 \
[INFO ] 2023-08-12 06:58:41.020 [pool-4-thread-1] Helm -             --topic test \
[INFO ] 2023-08-12 06:58:41.021 [pool-4-thread-1] Helm -             --from-beginning
[INFO ] 2023-08-12 06:58:41.026 [main] ClientsManager - Helm deploy: { generators: { chart : kubernetes/generators } }
[INFO ] 2023-08-12 06:58:41.027 [main] ClientsManager - kubernetes/generators
[INFO ] 2023-08-12 06:58:41.356 [pool-5-thread-1] Helm - NAME: generators
[INFO ] 2023-08-12 06:58:41.357 [pool-5-thread-1] Helm - LAST DEPLOYED: Sat Aug 12 06:58:41 2023
[INFO ] 2023-08-12 06:58:41.357 [pool-5-thread-1] Helm - NAMESPACE: baseline
[INFO ] 2023-08-12 06:58:41.358 [pool-5-thread-1] Helm - STATUS: deployed
[INFO ] 2023-08-12 06:58:41.358 [pool-5-thread-1] Helm - REVISION: 1
[INFO ] 2023-08-12 06:58:41.358 [pool-5-thread-1] Helm - TEST SUITE: None
[INFO ] 2023-08-12 07:01:58.056 [main] ClientsManager - Generator started with parameters: {"generatorType":"CARS","topic":"input","brokerList":"kafka.baseline.svc.cluster.local:9092","limiterType":"DATASET","limiterMaxNoise":0.1,"amplitude":0,"period":3600,"verticalPhase":300000,"fileName":"datasets/CARS_3D_1S_4_sub_35K_max.csv","header":true,"separator":"|","scale":1.0,"redisHost":"redis-cluster","redisPort":6379}
[INFO ] 2023-08-12 07:02:11.420 [main] ClientsManager - Generator started with parameters: {"generatorType":"CARS","topic":"input","brokerList":"kafka.baseline.svc.cluster.local:9092","limiterType":"DATASET","limiterMaxNoise":0.1,"amplitude":0,"period":3600,"verticalPhase":300000,"fileName":"datasets/CARS_3D_1S_4_sub_35K_max.csv","header":true,"separator":"|","scale":1.0,"redisHost":"redis-cluster","redisPort":6379}
[INFO ] 2023-08-12 07:02:25.745 [main] ClientsManager - Generator started with parameters: {"generatorType":"CARS","topic":"input","brokerList":"kafka.baseline.svc.cluster.local:9092","limiterType":"DATASET","limiterMaxNoise":0.1,"amplitude":0,"period":3600,"verticalPhase":300000,"fileName":"datasets/CARS_3D_1S_4_sub_35K_max.csv","header":true,"separator":"|","scale":1.0,"redisHost":"redis-cluster","redisPort":6379}
[INFO ] 2023-08-12 07:02:25.851 [main] SequenceFSM - { "apiVersion": "flink.apache.org/v1beta1", "kind": "FlinkDeployment", "metadata": { "name": "baseline" }, "spec": { "image": "morgel/flink:1.17.0-java11", "flinkVersion": "v1_15", "imagePullPolicy": "Always", "flinkConfiguration": { "taskmanager.numberOfTaskSlots": "1", "kubernetes.jobmanager.annotations": "prometheus.io/scrape:true,prometheus.io/port:9999", "kubernetes.taskmanager.annotations": "prometheus.io/scrape:true,prometheus.io/port:9999", "metrics.reporter.prom.factory.class": "org.apache.flink.metrics.prometheus.PrometheusReporterFactory","metrics.reporter.prom.port": "9999","heartbeat.timeout": "20000", "heartbeat.interval": "5000", "state.checkpoints.dir": "hdfs://130.149.248.67:9000/flink/checkpoints", "state.savepoints.dir": "hdfs://130.149.248.67:9000/flink/savepoints" }, "podTemplate": { "spec": { "containers": [{ "name": "flink-main-container", "ports": [{ "containerPort": 9999, "name": "metrics" }] }] } }, "serviceAccount": "default", "jobManager": { "resource": { "memory": "4096m", "cpu": 1.0 } }, "taskManager": { "resource": { "memory": "4096m", "cpu": 1.0 } }, "job": { "jarURI": "local:///opt/flink/usrlib/jobs-1.0.jar", "entryClass": "de.tu_berlin.dos.arm.streaming_experiment_suite.jobs.TopSpeedWindowing", "args": ["--chkInterval", "10000", "--jobName", "baseline", "--consumerTopic", "input", "--producerTopic", "output", "--chkDir", "hdfs://130.149.248.67:9000/flink/checkpoints", "--brokerList", "kafka.baseline.svc.cluster.local:9092"], "parallelism": 24, "upgradeMode": "savepoint", "state": "running" }}}
[INFO ] 2023-08-12 07:03:25.059 [main] SequenceFSM - Started target job: FlinkJob{port=32007, entryClass='de.tu_berlin.dos.arm.streaming_experiment_suite.jobs.TopSpeedWindowing', jobName='baseline', brokerList='kafka.baseline.svc.cluster.local:9092', consTopic='input', prodTopic='output', extraArgs={}, config={scaleOut: 24, taskSlots: 1, cpu: 1.0, memory: 4096, chkInt: 10000}, tsList=[1691823806], jobId='1abd2b32d8865c195aeaba1220e3ae8a', isActive=true} at TS: 1691823806
[INFO ] 2023-08-12 07:03:25.059 [main] SequenceFSM - STATE-CHANGE: INITIALIZE -> EXECUTE
[INFO ] 2023-08-12 07:03:25.068 [main] SequenceFSM - Starting Experiment: 1691823806
[INFO ] 2023-08-12 07:48:35.010 [pool-2-thread-1] SequenceFSM - Injecting delay into target job: baseline at TS: 1691826516
[WARN ] 2023-08-12 07:48:35.036 [pool-2-thread-1] VersionUsageUtils - The client is using resource type 'networkchaos' with unstable version 'v1alpha1'
[INFO ] 2023-08-12 08:33:31.013 [pool-2-thread-2] SequenceFSM - Injecting delay into target job: baseline at TS: 1691829212
[INFO ] 2023-08-12 09:18:31.008 [pool-2-thread-3] SequenceFSM - Injecting delay into target job: baseline at TS: 1691831912
[INFO ] 2023-08-12 10:03:52.004 [pool-2-thread-4] SequenceFSM - Injecting delay into target job: baseline at TS: 1691834633
[INFO ] 2023-08-12 10:48:35.005 [pool-2-thread-5] SequenceFSM - Injecting delay into target job: baseline at TS: 1691837316
[INFO ] 2023-08-12 11:33:34.002 [pool-2-thread-6] SequenceFSM - Injecting delay into target job: baseline at TS: 1691840015
[INFO ] 2023-08-12 12:18:29.009 [pool-2-thread-7] SequenceFSM - Injecting delay into target job: baseline at TS: 1691842710
[INFO ] 2023-08-12 13:03:32.012 [pool-2-thread-8] SequenceFSM - Injecting delay into target job: baseline at TS: 1691845413
[INFO ] 2023-08-12 13:48:31.012 [pool-2-thread-9] SequenceFSM - Injecting delay into target job: baseline at TS: 1691848112
[INFO ] 2023-08-12 14:33:31.010 [pool-2-thread-10] SequenceFSM - Injecting delay into target job: baseline at TS: 1691850812
[INFO ] 2023-08-12 15:18:26.009 [pool-2-thread-11] SequenceFSM - Injecting delay into target job: baseline at TS: 1691853507
[INFO ] 2023-08-12 16:03:27.003 [pool-2-thread-12] SequenceFSM - Injecting delay into target job: baseline at TS: 1691856208
[INFO ] 2023-08-12 16:48:37.006 [pool-2-thread-13] SequenceFSM - Injecting delay into target job: baseline at TS: 1691858918
[INFO ] 2023-08-12 17:33:28.006 [pool-2-thread-14] SequenceFSM - Injecting delay into target job: baseline at TS: 1691861609
[INFO ] 2023-08-12 18:18:34.004 [pool-2-thread-15] SequenceFSM - Injecting delay into target job: baseline at TS: 1691864315
[INFO ] 2023-08-12 19:03:31.009 [pool-2-thread-16] SequenceFSM - Injecting delay into target job: baseline at TS: 1691867012
[INFO ] 2023-08-12 19:48:29.008 [pool-2-thread-17] SequenceFSM - Injecting delay into target job: baseline at TS: 1691869710
[INFO ] 2023-08-12 20:33:33.011 [pool-2-thread-18] SequenceFSM - Injecting delay into target job: baseline at TS: 1691872414
[INFO ] 2023-08-12 21:18:33.004 [pool-2-thread-19] SequenceFSM - Injecting delay into target job: baseline at TS: 1691875114
[INFO ] 2023-08-12 22:03:26.004 [pool-2-thread-20] SequenceFSM - Injecting delay into target job: baseline at TS: 1691877807
[INFO ] 2023-08-12 22:48:28.005 [pool-2-thread-21] SequenceFSM - Injecting delay into target job: baseline at TS: 1691880509
[INFO ] 2023-08-12 23:33:32.003 [pool-2-thread-22] SequenceFSM - Injecting delay into target job: baseline at TS: 1691883213
[INFO ] 2023-08-13 00:18:31.012 [pool-2-thread-23] SequenceFSM - Injecting delay into target job: baseline at TS: 1691885912
[INFO ] 2023-08-13 01:03:25.013 [main] SequenceFSM - Stopping Experiment: 1691888606
[INFO ] 2023-08-13 01:03:25.015 [main] SequenceFSM - Gathering metrics and stopping job with configuration: FlinkJob{port=32007, entryClass='de.tu_berlin.dos.arm.streaming_experiment_suite.jobs.TopSpeedWindowing', jobName='baseline', brokerList='kafka.baseline.svc.cluster.local:9092', consTopic='input', prodTopic='output', extraArgs={}, config={scaleOut: 24, taskSlots: 1, cpu: 1.0, memory: 4096, chkInt: 10000}, tsList=[1691823806, 1691826516, 1691829212, 1691831912, 1691834633, 1691837316, 1691840015, 1691842710, 1691845413, 1691848112, 1691850812, 1691853507, 1691856208, 1691858918, 1691861609, 1691864315, 1691867012, 1691869710, 1691872414, 1691875114, 1691877807, 1691880509, 1691883213, 1691885912, 1691888606], jobId='1abd2b32d8865c195aeaba1220e3ae8a', isActive=true}
[INFO ] 2023-08-13 01:03:35.013 [pool-2-thread-24] SequenceFSM - Injecting delay into target job: baseline at TS: 1691888616
[INFO ] 2023-08-13 01:09:15.483 [pool-2-thread-25] TimeSeries - File not found, creating 1_baseline_workRate.out
[INFO ] 2023-08-13 01:09:15.483 [pool-2-thread-27] TimeSeries - File not found, creating 1_baseline_taskSlots.out
[INFO ] 2023-08-13 01:09:15.483 [pool-2-thread-26] TimeSeries - File not found, creating 1_baseline_cpuLoad.out
[INFO ] 2023-08-13 01:09:15.483 [pool-2-thread-29] TimeSeries - File not found, creating 1_baseline_latency.out
[INFO ] 2023-08-13 01:09:15.483 [pool-2-thread-28] TimeSeries - File not found, creating 1_baseline_thrRate.out
[INFO ] 2023-08-13 01:09:15.484 [pool-2-thread-31] TimeSeries - File not found, creating 1_baseline_consLag.out
[INFO ] 2023-08-13 01:09:15.484 [pool-2-thread-30] TimeSeries - File not found, creating 1_baseline_scaleOuts.out
