[INFO ] 2023-09-16 11:59:11.158 [main] Context - Reserving NodePort: 32760
[INFO ] 2023-09-16 11:59:11.433 [main] SequenceFSM - STATE-CHANGE: START -> INITIALIZE
[INFO ] 2023-09-16 11:59:11.899 [OkHttp https://10.233.0.1/...] K8sClient - Namespace (operator) ADDED
[INFO ] 2023-09-16 11:59:11.902 [main] ClientsManager - Helm deploy: { kafka: { repo : https://charts.bitnami.com/bitnami },{ values : kubernetes/kafka/values.yaml },{ version : 22.1.3 } }
[INFO ] 2023-09-16 11:59:15.240 [pool-4-thread-1] Helm - NAME: kafka
[INFO ] 2023-09-16 11:59:15.241 [pool-4-thread-1] Helm - LAST DEPLOYED: Sat Sep 16 11:59:14 2023
[INFO ] 2023-09-16 11:59:15.241 [pool-4-thread-1] Helm - NAMESPACE: operator
[INFO ] 2023-09-16 11:59:15.242 [pool-4-thread-1] Helm - STATUS: deployed
[INFO ] 2023-09-16 11:59:15.242 [pool-4-thread-1] Helm - REVISION: 1
[INFO ] 2023-09-16 11:59:15.242 [pool-4-thread-1] Helm - TEST SUITE: None
[INFO ] 2023-09-16 11:59:15.242 [pool-4-thread-1] Helm - NOTES:
[INFO ] 2023-09-16 11:59:15.243 [pool-4-thread-1] Helm - CHART NAME: kafka
[INFO ] 2023-09-16 11:59:15.243 [pool-4-thread-1] Helm - CHART VERSION: 22.1.3
[INFO ] 2023-09-16 11:59:15.243 [pool-4-thread-1] Helm - APP VERSION: 3.4.0
[INFO ] 2023-09-16 11:59:15.244 [pool-4-thread-1] Helm - 
[INFO ] 2023-09-16 11:59:15.244 [pool-4-thread-1] Helm - ** Please be patient while the chart is being deployed **
[INFO ] 2023-09-16 11:59:15.244 [pool-4-thread-1] Helm - 
[INFO ] 2023-09-16 11:59:15.245 [pool-4-thread-1] Helm - Kafka can be accessed by consumers via port 9092 on the following DNS name from within your cluster:
[INFO ] 2023-09-16 11:59:15.245 [pool-4-thread-1] Helm - 
[INFO ] 2023-09-16 11:59:15.245 [pool-4-thread-1] Helm -     kafka.operator.svc.cluster.local
[INFO ] 2023-09-16 11:59:15.245 [pool-4-thread-1] Helm - 
[INFO ] 2023-09-16 11:59:15.246 [pool-4-thread-1] Helm - Each Kafka broker can be accessed by producers via port 9092 on the following DNS name(s) from within your cluster:
[INFO ] 2023-09-16 11:59:15.246 [pool-4-thread-1] Helm - 
[INFO ] 2023-09-16 11:59:15.246 [pool-4-thread-1] Helm -     kafka-0.kafka-headless.operator.svc.cluster.local:9092
[INFO ] 2023-09-16 11:59:15.246 [pool-4-thread-1] Helm -     kafka-1.kafka-headless.operator.svc.cluster.local:9092
[INFO ] 2023-09-16 11:59:15.247 [pool-4-thread-1] Helm -     kafka-2.kafka-headless.operator.svc.cluster.local:9092
[INFO ] 2023-09-16 11:59:15.247 [pool-4-thread-1] Helm -     kafka-3.kafka-headless.operator.svc.cluster.local:9092
[INFO ] 2023-09-16 11:59:15.247 [pool-4-thread-1] Helm -     kafka-4.kafka-headless.operator.svc.cluster.local:9092
[INFO ] 2023-09-16 11:59:15.247 [pool-4-thread-1] Helm - 
[INFO ] 2023-09-16 11:59:15.248 [pool-4-thread-1] Helm - To create a pod that you can use as a Kafka client run the following commands:
[INFO ] 2023-09-16 11:59:15.248 [pool-4-thread-1] Helm - 
[INFO ] 2023-09-16 11:59:15.248 [pool-4-thread-1] Helm -     kubectl run kafka-client --restart='Never' --image docker.io/bitnami/kafka:3.4.0-debian-11-r33 --namespace operator --command -- sleep infinity
[INFO ] 2023-09-16 11:59:15.248 [pool-4-thread-1] Helm -     kubectl exec --tty -i kafka-client --namespace operator -- bash
[INFO ] 2023-09-16 11:59:15.248 [main] ClientsManager - Helm deploy: { generators: { chart : kubernetes/generators } }
[INFO ] 2023-09-16 11:59:15.248 [pool-4-thread-1] Helm - 
[INFO ] 2023-09-16 11:59:15.249 [pool-4-thread-1] Helm -     PRODUCER:
[INFO ] 2023-09-16 11:59:15.249 [main] ClientsManager - kubernetes/generators
[INFO ] 2023-09-16 11:59:15.249 [pool-4-thread-1] Helm -         kafka-console-producer.sh \
[INFO ] 2023-09-16 11:59:15.249 [pool-4-thread-1] Helm -             --broker-list kafka-0.kafka-headless.operator.svc.cluster.local:9092,kafka-1.kafka-headless.operator.svc.cluster.local:9092,kafka-2.kafka-headless.operator.svc.cluster.local:9092,kafka-3.kafka-headless.operator.svc.cluster.local:9092,kafka-4.kafka-headless.operator.svc.cluster.local:9092 \
[INFO ] 2023-09-16 11:59:15.249 [pool-4-thread-1] Helm -             --topic test
[INFO ] 2023-09-16 11:59:15.249 [pool-4-thread-1] Helm - 
[INFO ] 2023-09-16 11:59:15.249 [pool-4-thread-1] Helm -     CONSUMER:
[INFO ] 2023-09-16 11:59:15.250 [pool-4-thread-1] Helm -         kafka-console-consumer.sh \
[INFO ] 2023-09-16 11:59:15.250 [pool-4-thread-1] Helm -             --bootstrap-server kafka.operator.svc.cluster.local:9092 \
[INFO ] 2023-09-16 11:59:15.250 [pool-4-thread-1] Helm -             --topic test \
[INFO ] 2023-09-16 11:59:15.250 [pool-4-thread-1] Helm -             --from-beginning
[INFO ] 2023-09-16 11:59:15.575 [pool-5-thread-1] Helm - NAME: generators
[INFO ] 2023-09-16 11:59:15.576 [pool-5-thread-1] Helm - LAST DEPLOYED: Sat Sep 16 11:59:15 2023
[INFO ] 2023-09-16 11:59:15.576 [pool-5-thread-1] Helm - NAMESPACE: operator
[INFO ] 2023-09-16 11:59:15.577 [pool-5-thread-1] Helm - STATUS: deployed
[INFO ] 2023-09-16 11:59:15.577 [pool-5-thread-1] Helm - REVISION: 1
[INFO ] 2023-09-16 11:59:15.577 [pool-5-thread-1] Helm - TEST SUITE: None
[INFO ] 2023-09-16 12:01:29.195 [main] ClientsManager - Generator started with parameters: {"generatorType":"CARS","topic":"input","brokerList":"kafka.operator.svc.cluster.local:9092","limiterType":"DATASET","limiterMaxNoise":0.1,"amplitude":0,"period":3600,"verticalPhase":300000,"fileName":"datasets/CARS_3D_1S_4_sub_35K_max.csv","header":true,"separator":"|","scale":1.0,"redisHost":"redis-cluster","redisPort":6379}
[INFO ] 2023-09-16 12:01:44.431 [main] ClientsManager - Generator started with parameters: {"generatorType":"CARS","topic":"input","brokerList":"kafka.operator.svc.cluster.local:9092","limiterType":"DATASET","limiterMaxNoise":0.1,"amplitude":0,"period":3600,"verticalPhase":300000,"fileName":"datasets/CARS_3D_1S_4_sub_35K_max.csv","header":true,"separator":"|","scale":1.0,"redisHost":"redis-cluster","redisPort":6379}
[INFO ] 2023-09-16 12:01:59.004 [main] ClientsManager - Generator started with parameters: {"generatorType":"CARS","topic":"input","brokerList":"kafka.operator.svc.cluster.local:9092","limiterType":"DATASET","limiterMaxNoise":0.1,"amplitude":0,"period":3600,"verticalPhase":300000,"fileName":"datasets/CARS_3D_1S_4_sub_35K_max.csv","header":true,"separator":"|","scale":1.0,"redisHost":"redis-cluster","redisPort":6379}
[INFO ] 2023-09-16 12:01:59.022 [main] SequenceFSM - { "apiVersion": "flink.apache.org/v1beta1", "kind": "FlinkDeployment", "metadata": { "name": "operator" }, "spec": { "image": "morgel/flink:1.17.0-java11", "flinkVersion": "v1_17", "imagePullPolicy": "Always", "flinkConfiguration": { "taskmanager.numberOfTaskSlots": "1", "kubernetes.jobmanager.annotations": "prometheus.io/scrape:true,prometheus.io/port:9999", "kubernetes.taskmanager.annotations": "prometheus.io/scrape:true,prometheus.io/port:9999", "metrics.reporter.prom.factory.class": "org.apache.flink.metrics.prometheus.PrometheusReporterFactory","metrics.reporter.prom.port": "9999","heartbeat.timeout": "20000", "heartbeat.interval": "5000", "state.checkpoints.dir": "hdfs://130.149.248.67:9000/flink/checkpoints", "state.savepoints.dir": "hdfs://130.149.248.67:9000/flink/savepoints", "kubernetes.operator.job.autoscaler.enabled": "true", "kubernetes.operator.job.autoscaler.stabilization.interval": "2m", "kubernetes.operator.job.autoscaler.metrics.window": "1m", "kubernetes.operator.job.autoscaler.target.utilization": "0.35", "kubernetes.operator.job.autoscaler.target.utilization.boundary": "0.15", "kubernetes.operator.job.autoscaler.restart.time": "1m", "kubernetes.operator.job.autoscaler.catch-up.duration": "5m", "pipeline.max-parallelism": "24" }, "podTemplate": { "spec": { "containers": [{ "name": "flink-main-container", "ports": [{ "containerPort": 9999, "name": "metrics" }] }] } }, "serviceAccount": "default", "jobManager": { "resource": { "memory": "4096m", "cpu": 1.0 } }, "taskManager": { "resource": { "memory": "4096m", "cpu": 1.0 } }, "job": { "jarURI": "local:///opt/flink/usrlib/jobs-1.0.jar", "entryClass": "de.tu_berlin.dos.arm.streaming_experiment_suite.jobs.TopSpeedWindowing", "args": ["--jobName", "operator", "--chkInterval", "10000", "--consumerTopic", "input", "--producerTopic", "output", "--chkDir", "hdfs://130.149.248.67:9000/flink/checkpoints", "--brokerList", "kafka.operator.svc.cluster.local:9092"], "parallelism": 24, "upgradeMode": "savepoint", "state": "running" }}}
[WARN ] 2023-09-16 12:01:59.038 [main] VersionUsageUtils - The client is using resource type 'flinkdeployments' with unstable version 'v1beta1'
[INFO ] 2023-09-16 12:02:59.063 [main] SequenceFSM - Started target job: FlinkJob{port=32760, entryClass='de.tu_berlin.dos.arm.streaming_experiment_suite.jobs.TopSpeedWindowing', jobName='operator', brokerList='kafka.operator.svc.cluster.local:9092', consTopic='input', prodTopic='output', extraArgs={}, config={scaleOut: 24, taskSlots: 1, cpu: 1.0, memory: 4096, chkInt: 10000}, tsList=[1694865780], jobId='fb27ce6476b0322ba6b62063f4ff8aee', isActive=true} at TS: 1694865780
[INFO ] 2023-09-16 12:02:59.063 [main] SequenceFSM - STATE-CHANGE: INITIALIZE -> EXECUTE
[INFO ] 2023-09-16 12:02:59.074 [main] SequenceFSM - Starting Experiment: 1694865780
[INFO ] 2023-09-16 12:48:03.012 [pool-2-thread-1] SequenceFSM - Injecting delay into target job: operator at TS: 1694868484
[WARN ] 2023-09-16 12:48:03.039 [pool-2-thread-1] VersionUsageUtils - The client is using resource type 'networkchaos' with unstable version 'v1alpha1'
[INFO ] 2023-09-16 13:33:06.004 [pool-2-thread-2] SequenceFSM - Injecting delay into target job: operator at TS: 1694871187
[INFO ] 2023-09-16 14:18:09.012 [pool-2-thread-3] SequenceFSM - Injecting delay into target job: operator at TS: 1694873890
[INFO ] 2023-09-16 15:03:01.006 [pool-2-thread-4] SequenceFSM - Injecting delay into target job: operator at TS: 1694876582
[INFO ] 2023-09-16 15:48:07.012 [pool-2-thread-5] SequenceFSM - Injecting delay into target job: operator at TS: 1694879288
[INFO ] 2023-09-16 16:33:05.010 [pool-2-thread-6] SequenceFSM - Injecting delay into target job: operator at TS: 1694881986
[INFO ] 2023-09-16 17:18:00.007 [pool-2-thread-7] SequenceFSM - Injecting delay into target job: operator at TS: 1694884681
[INFO ] 2023-09-16 18:03:01.003 [pool-2-thread-8] SequenceFSM - Injecting delay into target job: operator at TS: 1694887382
[INFO ] 2023-09-16 18:48:02.007 [pool-2-thread-9] SequenceFSM - Injecting delay into target job: operator at TS: 1694890083
[INFO ] 2023-09-16 19:33:00.014 [pool-2-thread-10] SequenceFSM - Injecting delay into target job: operator at TS: 1694892781
[INFO ] 2023-09-16 20:18:05.006 [pool-2-thread-11] SequenceFSM - Injecting delay into target job: operator at TS: 1694895486
[INFO ] 2023-09-16 21:03:07.009 [pool-2-thread-12] SequenceFSM - Injecting delay into target job: operator at TS: 1694898188
[INFO ] 2023-09-16 21:48:04.005 [pool-2-thread-13] SequenceFSM - Injecting delay into target job: operator at TS: 1694900885
[INFO ] 2023-09-16 22:33:02.006 [pool-2-thread-14] SequenceFSM - Injecting delay into target job: operator at TS: 1694903583
[INFO ] 2023-09-16 23:18:05.005 [pool-2-thread-15] SequenceFSM - Injecting delay into target job: operator at TS: 1694906286
[INFO ] 2023-09-17 00:03:04.005 [pool-2-thread-16] SequenceFSM - Injecting delay into target job: operator at TS: 1694908985
[INFO ] 2023-09-17 00:48:05.004 [pool-2-thread-17] SequenceFSM - Injecting delay into target job: operator at TS: 1694911686
[INFO ] 2023-09-17 01:33:09.010 [pool-2-thread-18] SequenceFSM - Injecting delay into target job: operator at TS: 1694914390
[INFO ] 2023-09-17 02:18:01.009 [pool-2-thread-19] SequenceFSM - Injecting delay into target job: operator at TS: 1694917082
[INFO ] 2023-09-17 03:03:09.004 [pool-2-thread-20] SequenceFSM - Injecting delay into target job: operator at TS: 1694919790
[ERROR] 2023-09-17 03:47:59.009 [pool-2-thread-21] Listener - java.net.ConnectException: Failed to connect to /130.149.248.67:32760
[INFO ] 2023-09-17 04:33:08.009 [pool-2-thread-22] SequenceFSM - Injecting delay into target job: operator at TS: 1694925189
[INFO ] 2023-09-17 05:18:02.004 [pool-2-thread-23] SequenceFSM - Injecting delay into target job: operator at TS: 1694927883
[INFO ] 2023-09-17 06:02:59.045 [main] SequenceFSM - Stopping Experiment: 1694930580
[INFO ] 2023-09-17 06:02:59.050 [main] SequenceFSM - Gathering metrics and stopping job with configuration: FlinkJob{port=32760, entryClass='de.tu_berlin.dos.arm.streaming_experiment_suite.jobs.TopSpeedWindowing', jobName='operator', brokerList='kafka.operator.svc.cluster.local:9092', consTopic='input', prodTopic='output', extraArgs={}, config={scaleOut: 24, taskSlots: 1, cpu: 1.0, memory: 4096, chkInt: 10000}, tsList=[1694865780, 1694868484, 1694871187, 1694873890, 1694876582, 1694879288, 1694881986, 1694884681, 1694887382, 1694890083, 1694892781, 1694895486, 1694898188, 1694900885, 1694903583, 1694906286, 1694908985, 1694911686, 1694914390, 1694917082, 1694919790, 1694925189, 1694927883, 1694930580], jobId='fb27ce6476b0322ba6b62063f4ff8aee', isActive=true}
[INFO ] 2023-09-17 06:03:03.008 [pool-2-thread-24] SequenceFSM - Injecting delay into target job: operator at TS: 1694930584
[INFO ] 2023-09-17 06:08:41.917 [pool-2-thread-25] TimeSeries - File not found, creating 1_operator_taskSlots.out
[INFO ] 2023-09-17 06:08:41.917 [pool-2-thread-30] TimeSeries - File not found, creating 1_operator_latency.out
[INFO ] 2023-09-17 06:08:41.917 [pool-2-thread-27] TimeSeries - File not found, creating 1_operator_workRate.out
[INFO ] 2023-09-17 06:08:41.917 [pool-2-thread-29] TimeSeries - File not found, creating 1_operator_thrRate.out
[INFO ] 2023-09-17 06:08:41.917 [pool-2-thread-26] TimeSeries - File not found, creating 1_operator_consLag.out
[INFO ] 2023-09-17 06:08:41.917 [pool-2-thread-28] TimeSeries - File not found, creating 1_operator_scaleOuts.out
[INFO ] 2023-09-17 06:08:41.917 [pool-2-thread-31] TimeSeries - File not found, creating 1_operator_cpuLoad.out
